------------------------------------
Packing timestamp: 2021-07-01 09:40:49
OMT plugin version: null
User ID: "souto"
Project name: [C:\Users\souto\Sync\Codility\Codility_TaskDesc_Asssessment_OMT]
Package name: [C:\Users\souto\Sync\Codility\Codility_TaskDesc_Asssessment_02-TxtSeg_OMT.omt]
createEmptyFile	[dictionary\.empty]
createEmptyFile	[glossary\.empty]
addZipDir	file	[omegat\filters.xml]
addZipDir	file	[omegat\ignored_words.txt]
addZipDir	file	[omegat\last_entry.properties]
addZipDir	file	[omegat\learned_words.txt]
Exclude entry [omegat/omt-packer.log] from regex [omt-packer\.log$]
addZipDir	file	[omegat\project_save.tmx]
addZipDir	file	[omegat\project_save.tmx.202106291401.bak]
addZipDir	file	[omegat\project_save.tmx.202106291403.bak]
addZipDir	file	[omegat\project_save.tmx.bak]
addZipDir	file	[omegat\project_stats.txt]
addZipDir	file	[omegat\segmentation.conf]
addZipDir	project	[omegat.project]
addZipDir	file	[script_output\Codility_TaskDesc_Asssessment_OMT (en - en).xls]
addZipDir	file	[source\angular_like_dislike.xml.md]
addZipDir	file	[source\array_filter_var_opal.xml.md]
addZipDir	file	[source\arrows.xml.md]
addZipDir	file	[source\asynchronous_task_runner.xml.md]
createEmptyFile	[target\.empty]
createEmptyFile	[tm\auto\.empty]
createEmptyFile	[tm\.empty]
Added 16 files to the Zip.
------------------------------------
Packing timestamp: 2021-07-01 09:41:36
OMT plugin version: null
User ID: "souto"
Project name: [C:\Users\souto\Sync\Codility\Codility_TaskDesc_Asssessment_OMT]
Package name: [C:\Users\souto\Sync\Codility\Codility_TaskDesc_Asssessment_03-TxtUnseg_OMT.omt]
createEmptyFile	[dictionary\.empty]
createEmptyFile	[glossary\.empty]
addZipDir	file	[omegat\filters.xml]
addZipDir	file	[omegat\ignored_words.txt]
addZipDir	file	[omegat\last_entry.properties]
addZipDir	file	[omegat\learned_words.txt]
Exclude entry [omegat/omt-packer.log] from regex [omt-packer\.log$]
addZipDir	file	[omegat\project_save.tmx]
addZipDir	file	[omegat\project_save.tmx.202106291401.bak]
addZipDir	file	[omegat\project_save.tmx.202106291403.bak]
addZipDir	file	[omegat\project_save.tmx.bak]
addZipDir	file	[omegat\project_stats.txt]
addZipDir	file	[omegat\segmentation.conf]
addZipDir	project	[omegat.project]
addZipDir	file	[script_output\Codility_TaskDesc_Asssessment_OMT (en - en).xls]
addZipDir	file	[source\angular_like_dislike.xml.md]
addZipDir	file	[source\array_filter_var_opal.xml.md]
addZipDir	file	[source\arrows.xml.md]
addZipDir	file	[source\asynchronous_task_runner.xml.md]
createEmptyFile	[target\.empty]
createEmptyFile	[tm\auto\.empty]
createEmptyFile	[tm\.empty]
Added 16 files to the Zip.
------------------------------------
Packing timestamp: 2021-07-01 09:42:39
OMT plugin version: null
User ID: "souto"
Project name: [C:\Users\souto\Sync\Codility\Codility_TaskDesc_Asssessment_OMT]
Package name: [C:\Users\souto\Sync\Codility\Codility_TaskDesc_Asssessment_01-MdSeg_OMT.omt]
createEmptyFile	[dictionary\.empty]
createEmptyFile	[glossary\.empty]
addZipDir	file	[omegat\filters.xml]
addZipDir	file	[omegat\ignored_words.txt]
addZipDir	file	[omegat\last_entry.properties]
addZipDir	file	[omegat\learned_words.txt]
Exclude entry [omegat/omt-packer.log] from regex [omt-packer\.log$]
addZipDir	file	[omegat\project_save.tmx]
addZipDir	file	[omegat\project_save.tmx.202106291401.bak]
addZipDir	file	[omegat\project_save.tmx.202106291403.bak]
addZipDir	file	[omegat\project_save.tmx.bak]
addZipDir	file	[omegat\project_stats.txt]
addZipDir	file	[omegat\segmentation.conf]
addZipDir	project	[omegat.project]
addZipDir	file	[script_output\Codility_TaskDesc_Asssessment_OMT (en - en).xls]
addZipDir	file	[source\angular_like_dislike.xml.md]
addZipDir	file	[source\array_filter_var_opal.xml.md]
addZipDir	file	[source\arrows.xml.md]
addZipDir	file	[source\asynchronous_task_runner.xml.md]
createEmptyFile	[target\.empty]
createEmptyFile	[tm\auto\.empty]
createEmptyFile	[tm\.empty]
Added 16 files to the Zip.
------------------------------------
Packing timestamp: 2021-08-09 15:50:23
OMT plugin version: 1.6.3
User ID: "cApSt"
Project name: [C:\Users\cApSt\Desktop\Codility\OMT\Codility_TaskDesc_Asssessment_01a-Md-Seg_OMT]
Package name: [C:\Users\cApSt\Desktop\Codility\OMT\Codility_TaskDesc_Asssessment_01a-Md-Seg_OMT\Codility_TaskDesc_Asssessment_01a-Md-Seg_OMT.omt]
Exclude entry [Codility_TaskDesc_Asssessment_01a-Md-Seg_OMT-level1.tmx] from regex [^(?!tm).*-(level\d|omegat)\.tmx$]
Exclude entry [Codility_TaskDesc_Asssessment_01a-Md-Seg_OMT-level2.tmx] from regex [^(?!tm).*-(level\d|omegat)\.tmx$]
Exclude entry [Codility_TaskDesc_Asssessment_01a-Md-Seg_OMT-omegat.tmx] from regex [^(?!tm).*-(level\d|omegat)\.tmx$]
Exclude entry [Codility_TaskDesc_Asssessment_01a-Md-Seg_OMT.omt] from regex [\.(zip|omt|7z|rar)$]
createEmptyFile	[dictionary\.empty]
createEmptyFile	[glossary\.empty]
addZipDir	file	[omegat\filters.xml]
addZipDir	file	[omegat\ignored_words.txt]
addZipDir	file	[omegat\last_entry.properties]
addZipDir	file	[omegat\learned_words.txt]
Exclude entry [omegat/omt-packer.log] from regex [omt-packer\.log$]
addZipDir	file	[omegat\project_save.tmx]
addZipDir	file	[omegat\project_save.tmx.202106291401.bak]
addZipDir	file	[omegat\project_save.tmx.202106291403.bak]
addZipDir	file	[omegat\project_save.tmx.202107290908.bak]
addZipDir	file	[omegat\project_save.tmx.202108091408.bak]
addZipDir	file	[omegat\project_save.tmx.bak]
addZipDir	file	[omegat\project_stats.txt]
addZipDir	file	[omegat\segmentation.conf]
addZipDir	project	[omegat.project]
addZipDir	file	[script_output\Codility_TaskDesc_Asssessment_01a-Md-Seg_OMT (en - en).xls]
addZipDir	file	[script_output\Codility_TaskDesc_Asssessment_OMT (en - en).xls]
addZipDir	file	[source\angular_like_dislike.xml.md]
addZipDir	file	[source\array_filter_var_opal.xml.md]
addZipDir	file	[source\arrows.xml.md]
addZipDir	file	[source\asynchronous_task_runner.xml.md]
Exclude entry [target/angular_like_dislike.xml.md] from regex [^target/.+\..+]
Exclude entry [target/array_filter_var_opal.xml.md] from regex [^target/.+\..+]
Exclude entry [target/arrows.xml.md] from regex [^target/.+\..+]
Exclude entry [target/asynchronous_task_runner.xml.md] from regex [^target/.+\..+]
createEmptyFile	[target\.empty]
createEmptyFile	[tm\auto\.empty]
createEmptyFile	[tm\.empty]
Added 19 files to the Zip.
------------------------------------
Packing timestamp: 2021-08-12 18:00:33
OMT plugin version: null
User ID: "souto"
Project name: [c:\Users\souto\Sync\Codility\06_EditingTask\02_Work\Codility_TaskDesc_CEFR_OMT]
Package name: [c:\Users\souto\Sync\Codility\06_EditingTask\02_Work\Codility_TaskDesc_CEFR_OMT\Codility_TaskDesc_CEFR_OMT.omt]
Exclude entry [Codility_TaskDesc_CEFR_OMT-level1.tmx] from regex [^(?!tm).*-(level\d|omegat)\.tmx$]
Exclude entry [Codility_TaskDesc_CEFR_OMT-level2.tmx] from regex [^(?!tm).*-(level\d|omegat)\.tmx$]
Exclude entry [Codility_TaskDesc_CEFR_OMT-omegat.tmx] from regex [^(?!tm).*-(level\d|omegat)\.tmx$]
Exclude entry [Codility_TaskDesc_CEFR_OMT.omt] from regex [\.(zip|omt|7z|rar)$]
addZipDir	file	[dictionary\.empty]
addZipDir	file	[glossary\.empty]
addZipDir	file	[masked\authentication_token.md]
addZipDir	file	[omegat\filters.xml]
addZipDir	file	[omegat\ignored_words.txt]
addZipDir	file	[omegat\last_entry.properties]
addZipDir	file	[omegat\learned_words.txt]
Exclude entry [omegat/omt-packer.log] from regex [omt-packer\.log$]
addZipDir	file	[omegat\project_save.tmx]
addZipDir	file	[omegat\project_save.tmx.202106291401.bak]
addZipDir	file	[omegat\project_save.tmx.202106291403.bak]
addZipDir	file	[omegat\project_save.tmx.202107290908.bak]
addZipDir	file	[omegat\project_save.tmx.202108091408.bak]
addZipDir	file	[omegat\project_save.tmx.202108091550.bak]
addZipDir	file	[omegat\project_save.tmx.bak]
addZipDir	file	[omegat\project_stats.txt]
addZipDir	file	[omegat\segmentation.conf]
addZipDir	project	[omegat.project]
addZipDir	file	[script\codility_mask.py]
addZipDir	file	[script\config.xlsx]
addZipDir	file	[script\log.txt]
addZipDir	file	[script\test.bat]
Exclude entry [script/~$config.xlsx] from regex [/?~]
addZipDir	file	[script_output\Codility_TaskDesc_Asssessment_01a-Md-Seg_OMT (en - en).xls]
addZipDir	file	[script_output\Codility_TaskDesc_Asssessment_OMT (en - en).xls]
addZipDir	file	[source\angular_like_dislike.bri]
addZipDir	file	[source\authentication_token.md]
addZipDir	file	[source\bash_access_log.md]
addZipDir	file	[source\check_independence.md]
addZipDir	file	[source\cursor_pagination.md]
addZipDir	file	[source\custom_string_enumerator.md]
addZipDir	file	[source\data_preprocessing.md]
addZipDir	file	[source\data_science_kfold.bri]
addZipDir	file	[source\docker_compose_multiple_containers.md]
addZipDir	file	[source\elements_presenter.md]
addZipDir	file	[source\gitlabci_simple_pipeline.md]
addZipDir	file	[source\lambda_notebook.md]
addZipDir	file	[source\linear_regression.md]
addZipDir	file	[source\pod_deployment.md]
addZipDir	file	[source\provide_decorator.md]
addZipDir	file	[source\pyspark_udf_birds.md]
addZipDir	file	[source\react_login_page.md]
addZipDir	file	[source\recommendation_system.md]
addZipDir	file	[source\service_health_check.md]
addZipDir	file	[source\shell_find_function.bri]
addZipDir	file	[source\spring_orders.md]
addZipDir	file	[source\support_service.md]
addZipDir	file	[source\transactional_stack.bri]
addZipDir	file	[source\tree_visibility.bri]
addZipDir	file	[target\.empty]
Exclude entry [target/authentication_token.md] from regex [^target/.+\..+]
addZipDir	file	[tm\.empty]
addZipDir	file	[tm\auto\.empty]
Added 50 files to the Zip.
------------------------------------
Packing timestamp: 2021-08-12 18:12:24
OMT plugin version: null
User ID: "souto"
Project name: [c:\Users\souto\Sync\Codility\06_EditingTask\02_Work\Codility_TaskDesc_CEFR_OMT]
Package name: [c:\Users\souto\Sync\Codility\06_EditingTask\02_Work\Codility_TaskDesc_CEFR_OMT\Codility_TaskDesc2_CEFR_OMT.omt]
Exclude entry [Codility_TaskDesc2_CEFR_OMT.omt] from regex [\.(zip|omt|7z|rar)$]
Exclude entry [Codility_TaskDesc_CEFR_OMT-level1.tmx] from regex [^(?!tm).*-(level\d|omegat)\.tmx$]
Exclude entry [Codility_TaskDesc_CEFR_OMT-level2.tmx] from regex [^(?!tm).*-(level\d|omegat)\.tmx$]
Exclude entry [Codility_TaskDesc_CEFR_OMT-omegat.tmx] from regex [^(?!tm).*-(level\d|omegat)\.tmx$]
Exclude entry [Codility_TaskDesc_CEFR_OMT.omt] from regex [\.(zip|omt|7z|rar)$]
addZipDir	file	[dictionary\.empty]
addZipDir	file	[glossary\.empty]
addZipDir	file	[masked\angular_like_dislike.bri]
addZipDir	file	[masked\authentication_token.md]
addZipDir	file	[masked\bash_access_log.md]
addZipDir	file	[masked\check_independence.md]
addZipDir	file	[masked\cursor_pagination.md]
addZipDir	file	[masked\custom_string_enumerator.md]
addZipDir	file	[masked\data_preprocessing.md]
addZipDir	file	[masked\data_science_kfold.bri]
addZipDir	file	[masked\docker_compose_multiple_containers.md]
addZipDir	file	[masked\elements_presenter.md]
addZipDir	file	[masked\gitlabci_simple_pipeline.md]
addZipDir	file	[masked\lambda_notebook.md]
addZipDir	file	[masked\linear_regression.md]
addZipDir	file	[masked\pod_deployment.md]
addZipDir	file	[masked\provide_decorator.md]
addZipDir	file	[masked\pyspark_udf_birds.md]
addZipDir	file	[masked\react_login_page.md]
addZipDir	file	[masked\recommendation_system.md]
addZipDir	file	[masked\service_health_check.md]
addZipDir	file	[masked\shell_find_function.bri]
addZipDir	file	[masked\spring_orders.md]
addZipDir	file	[masked\support_service.md]
addZipDir	file	[masked\transactional_stack.bri]
addZipDir	file	[masked\tree_visibility.bri]
addZipDir	file	[omegat\filters.xml]
addZipDir	file	[omegat\ignored_words.txt]
addZipDir	file	[omegat\last_entry.properties]
addZipDir	file	[omegat\learned_words.txt]
Exclude entry [omegat/omt-packer.log] from regex [omt-packer\.log$]
addZipDir	file	[omegat\project_save.tmx]
addZipDir	file	[omegat\project_save.tmx.202106291401.bak]
addZipDir	file	[omegat\project_save.tmx.202106291403.bak]
addZipDir	file	[omegat\project_save.tmx.202107290908.bak]
addZipDir	file	[omegat\project_save.tmx.202108091408.bak]
addZipDir	file	[omegat\project_save.tmx.202108091550.bak]
addZipDir	file	[omegat\project_save.tmx.bak]
addZipDir	file	[omegat\project_stats.txt]
addZipDir	file	[omegat\segmentation.conf]
addZipDir	project	[omegat.project]
addZipDir	file	[script\codility_mask.py]
addZipDir	file	[script\config.xlsx]
addZipDir	file	[script\log.txt]
addZipDir	file	[script\test.bat]
Exclude entry [script/~$config.xlsx] from regex [/?~]
addZipDir	file	[script_output\Codility_TaskDesc_Asssessment_01a-Md-Seg_OMT (en - en).xls]
addZipDir	file	[script_output\Codility_TaskDesc_Asssessment_OMT (en - en).xls]
addZipDir	file	[source\angular_like_dislike.bri]
addZipDir	file	[source\authentication_token.md]
addZipDir	file	[source\bash_access_log.md]
addZipDir	file	[source\check_independence.md]
addZipDir	file	[source\cursor_pagination.md]
addZipDir	file	[source\custom_string_enumerator.md]
addZipDir	file	[source\data_preprocessing.md]
addZipDir	file	[source\data_science_kfold.bri]
addZipDir	file	[source\docker_compose_multiple_containers.md]
addZipDir	file	[source\elements_presenter.md]
addZipDir	file	[source\gitlabci_simple_pipeline.md]
addZipDir	file	[source\lambda_notebook.md]
addZipDir	file	[source\linear_regression.md]
addZipDir	file	[source\pod_deployment.md]
addZipDir	file	[source\provide_decorator.md]
addZipDir	file	[source\pyspark_udf_birds.md]
addZipDir	file	[source\react_login_page.md]
addZipDir	file	[source\recommendation_system.md]
addZipDir	file	[source\service_health_check.md]
addZipDir	file	[source\shell_find_function.bri]
addZipDir	file	[source\spring_orders.md]
addZipDir	file	[source\support_service.md]
addZipDir	file	[source\transactional_stack.bri]
addZipDir	file	[source\tree_visibility.bri]
addZipDir	file	[source_orig\angular_like_dislike.bri]
addZipDir	file	[source_orig\authentication_token.md]
addZipDir	file	[source_orig\bash_access_log.md]
addZipDir	file	[source_orig\check_independence.md]
addZipDir	file	[source_orig\cursor_pagination.md]
addZipDir	file	[source_orig\custom_string_enumerator.md]
addZipDir	file	[source_orig\data_preprocessing.md]
addZipDir	file	[source_orig\data_science_kfold.bri]
addZipDir	file	[source_orig\docker_compose_multiple_containers.md]
addZipDir	file	[source_orig\elements_presenter.md]
addZipDir	file	[source_orig\gitlabci_simple_pipeline.md]
addZipDir	file	[source_orig\lambda_notebook.md]
addZipDir	file	[source_orig\linear_regression.md]
addZipDir	file	[source_orig\pod_deployment.md]
addZipDir	file	[source_orig\provide_decorator.md]
addZipDir	file	[source_orig\pyspark_udf_birds.md]
addZipDir	file	[source_orig\react_login_page.md]
addZipDir	file	[source_orig\recommendation_system.md]
addZipDir	file	[source_orig\service_health_check.md]
addZipDir	file	[source_orig\shell_find_function.bri]
addZipDir	file	[source_orig\spring_orders.md]
addZipDir	file	[source_orig\support_service.md]
addZipDir	file	[source_orig\transactional_stack.bri]
addZipDir	file	[source_orig\tree_visibility.bri]
addZipDir	file	[target\.empty]
Exclude entry [target/angular_like_dislike.bri] from regex [^target/.+\..+]
Exclude entry [target/authentication_token.md] from regex [^target/.+\..+]
Exclude entry [target/bash_access_log.md] from regex [^target/.+\..+]
Exclude entry [target/check_independence.md] from regex [^target/.+\..+]
Exclude entry [target/cursor_pagination.md] from regex [^target/.+\..+]
Exclude entry [target/custom_string_enumerator.md] from regex [^target/.+\..+]
Exclude entry [target/data_preprocessing.md] from regex [^target/.+\..+]
Exclude entry [target/data_science_kfold.bri] from regex [^target/.+\..+]
Exclude entry [target/docker_compose_multiple_containers.md] from regex [^target/.+\..+]
Exclude entry [target/elements_presenter.md] from regex [^target/.+\..+]
Exclude entry [target/gitlabci_simple_pipeline.md] from regex [^target/.+\..+]
Exclude entry [target/lambda_notebook.md] from regex [^target/.+\..+]
Exclude entry [target/linear_regression.md] from regex [^target/.+\..+]
Exclude entry [target/pod_deployment.md] from regex [^target/.+\..+]
Exclude entry [target/provide_decorator.md] from regex [^target/.+\..+]
Exclude entry [target/pyspark_udf_birds.md] from regex [^target/.+\..+]
Exclude entry [target/react_login_page.md] from regex [^target/.+\..+]
Exclude entry [target/recommendation_system.md] from regex [^target/.+\..+]
Exclude entry [target/service_health_check.md] from regex [^target/.+\..+]
Exclude entry [target/shell_find_function.bri] from regex [^target/.+\..+]
Exclude entry [target/spring_orders.md] from regex [^target/.+\..+]
Exclude entry [target/support_service.md] from regex [^target/.+\..+]
Exclude entry [target/transactional_stack.bri] from regex [^target/.+\..+]
Exclude entry [target/tree_visibility.bri] from regex [^target/.+\..+]
addZipDir	file	[tm\.empty]
addZipDir	file	[tm\auto\.empty]
Added 97 files to the Zip.
------------------------------------
Packing timestamp: 2021-08-12 18:21:22
OMT plugin version: null
User ID: "souto"
Project name: [c:\Users\souto\Sync\Codility\06_EditingTask\02_Work\Codility_TaskDesc_CEFR_OMT]
Package name: [c:\Users\souto\Sync\Codility\06_EditingTask\02_Work\Codility_TaskDesc_CEFR_OMT.omt]
addZipDir	file	[dictionary\.empty]
addZipDir	file	[glossary\.empty]
addZipDir	file	[masked\angular_like_dislike.bri]
addZipDir	file	[masked\authentication_token.md]
addZipDir	file	[masked\bash_access_log.md]
addZipDir	file	[masked\check_independence.md]
addZipDir	file	[masked\cursor_pagination.md]
addZipDir	file	[masked\custom_string_enumerator.md]
addZipDir	file	[masked\data_preprocessing.md]
addZipDir	file	[masked\data_science_kfold.bri]
addZipDir	file	[masked\docker_compose_multiple_containers.md]
addZipDir	file	[masked\elements_presenter.md]
addZipDir	file	[masked\gitlabci_simple_pipeline.md]
addZipDir	file	[masked\lambda_notebook.md]
addZipDir	file	[masked\linear_regression.md]
addZipDir	file	[masked\pod_deployment.md]
addZipDir	file	[masked\provide_decorator.md]
addZipDir	file	[masked\pyspark_udf_birds.md]
addZipDir	file	[masked\react_login_page.md]
addZipDir	file	[masked\recommendation_system.md]
addZipDir	file	[masked\service_health_check.md]
addZipDir	file	[masked\shell_find_function.bri]
addZipDir	file	[masked\spring_orders.md]
addZipDir	file	[masked\support_service.md]
addZipDir	file	[masked\transactional_stack.bri]
addZipDir	file	[masked\tree_visibility.bri]
addZipDir	file	[omegat\filters.xml]
addZipDir	file	[omegat\ignored_words.txt]
addZipDir	file	[omegat\last_entry.properties]
addZipDir	file	[omegat\learned_words.txt]
Exclude entry [omegat/omt-packer.log] from regex [omt-packer\.log$]
addZipDir	file	[omegat\project_save.tmx]
addZipDir	file	[omegat\project_save.tmx.202106291401.bak]
addZipDir	file	[omegat\project_save.tmx.202106291403.bak]
addZipDir	file	[omegat\project_save.tmx.202107290908.bak]
addZipDir	file	[omegat\project_save.tmx.202108091408.bak]
addZipDir	file	[omegat\project_save.tmx.202108091550.bak]
addZipDir	file	[omegat\project_save.tmx.bak]
addZipDir	file	[omegat\project_stats.txt]
addZipDir	file	[omegat\segmentation.conf]
addZipDir	project	[omegat.project]
addZipDir	file	[script\codility_mask.py]
addZipDir	file	[script\config.xlsx]
addZipDir	file	[script\log.txt]
addZipDir	file	[script\test.bat]
Exclude entry [script/~$config.xlsx] from regex [/?~]
addZipDir	file	[script_output\Codility_TaskDesc_Asssessment_01a-Md-Seg_OMT (en - en).xls]
addZipDir	file	[script_output\Codility_TaskDesc_Asssessment_OMT (en - en).xls]
addZipDir	file	[source\angular_like_dislike.bri]
addZipDir	file	[source\authentication_token.md]
addZipDir	file	[source\bash_access_log.md]
addZipDir	file	[source\check_independence.md]
addZipDir	file	[source\cursor_pagination.md]
addZipDir	file	[source\custom_string_enumerator.md]
addZipDir	file	[source\data_preprocessing.md]
addZipDir	file	[source\data_science_kfold.bri]
addZipDir	file	[source\docker_compose_multiple_containers.md]
addZipDir	file	[source\elements_presenter.md]
addZipDir	file	[source\gitlabci_simple_pipeline.md]
addZipDir	file	[source\lambda_notebook.md]
addZipDir	file	[source\linear_regression.md]
addZipDir	file	[source\pod_deployment.md]
addZipDir	file	[source\provide_decorator.md]
addZipDir	file	[source\pyspark_udf_birds.md]
addZipDir	file	[source\react_login_page.md]
addZipDir	file	[source\recommendation_system.md]
addZipDir	file	[source\service_health_check.md]
addZipDir	file	[source\shell_find_function.bri]
addZipDir	file	[source\spring_orders.md]
addZipDir	file	[source\support_service.md]
addZipDir	file	[source\transactional_stack.bri]
addZipDir	file	[source\tree_visibility.bri]
addZipDir	file	[target\.empty]
Exclude entry [target/angular_like_dislike.bri] from regex [^target/.+\..+]
Exclude entry [target/authentication_token.md] from regex [^target/.+\..+]
Exclude entry [target/bash_access_log.md] from regex [^target/.+\..+]
Exclude entry [target/check_independence.md] from regex [^target/.+\..+]
Exclude entry [target/cursor_pagination.md] from regex [^target/.+\..+]
Exclude entry [target/custom_string_enumerator.md] from regex [^target/.+\..+]
Exclude entry [target/data_preprocessing.md] from regex [^target/.+\..+]
Exclude entry [target/data_science_kfold.bri] from regex [^target/.+\..+]
Exclude entry [target/docker_compose_multiple_containers.md] from regex [^target/.+\..+]
Exclude entry [target/elements_presenter.md] from regex [^target/.+\..+]
Exclude entry [target/gitlabci_simple_pipeline.md] from regex [^target/.+\..+]
Exclude entry [target/lambda_notebook.md] from regex [^target/.+\..+]
Exclude entry [target/linear_regression.md] from regex [^target/.+\..+]
Exclude entry [target/pod_deployment.md] from regex [^target/.+\..+]
Exclude entry [target/provide_decorator.md] from regex [^target/.+\..+]
Exclude entry [target/pyspark_udf_birds.md] from regex [^target/.+\..+]
Exclude entry [target/react_login_page.md] from regex [^target/.+\..+]
Exclude entry [target/recommendation_system.md] from regex [^target/.+\..+]
Exclude entry [target/service_health_check.md] from regex [^target/.+\..+]
Exclude entry [target/shell_find_function.bri] from regex [^target/.+\..+]
Exclude entry [target/spring_orders.md] from regex [^target/.+\..+]
Exclude entry [target/support_service.md] from regex [^target/.+\..+]
Exclude entry [target/transactional_stack.bri] from regex [^target/.+\..+]
Exclude entry [target/tree_visibility.bri] from regex [^target/.+\..+]
addZipDir	file	[tm\.empty]
addZipDir	file	[tm\auto\.empty]
Added 73 files to the Zip.
------------------------------------
Packing timestamp: 2021-08-19 11:37:07
OMT plugin version: null
User ID: "cApSt"
Project name: [C:\Users\cApSt\Desktop\Codility\01_Task_Editing\Codility_TaskDesc_CEFR_OMT]
Package name: [C:\Users\cApSt\Desktop\Codility\01_Task_Editing\Codility_TaskDesc_CEFR_OMT\Codility_TaskDesc_CEFR_OMT.omt]
Exclude entry [Codility_TaskDesc_CEFR_OMT-level1.tmx] from regex [^(?!tm).*-(level\d|omegat)\.tmx$]
Exclude entry [Codility_TaskDesc_CEFR_OMT-level2.tmx] from regex [^(?!tm).*-(level\d|omegat)\.tmx$]
Exclude entry [Codility_TaskDesc_CEFR_OMT-omegat.tmx] from regex [^(?!tm).*-(level\d|omegat)\.tmx$]
Exclude entry [Codility_TaskDesc_CEFR_OMT.omt] from regex [\.(zip|omt|7z|rar)$]
createEmptyFile	[dictionary\.empty]
createEmptyFile	[glossary\.empty]
addZipDir	file	[masked\angular_like_dislike.bri]
addZipDir	file	[masked\authentication_token.md]
addZipDir	file	[masked\bash_access_log.md]
addZipDir	file	[masked\check_independence.md]
addZipDir	file	[masked\cursor_pagination.md]
addZipDir	file	[masked\custom_string_enumerator.md]
addZipDir	file	[masked\data_preprocessing.md]
addZipDir	file	[masked\data_science_kfold.bri]
addZipDir	file	[masked\docker_compose_multiple_containers.md]
addZipDir	file	[masked\elements_presenter.md]
addZipDir	file	[masked\gitlabci_simple_pipeline.md]
addZipDir	file	[masked\lambda_notebook.md]
addZipDir	file	[masked\linear_regression.md]
addZipDir	file	[masked\pod_deployment.md]
addZipDir	file	[masked\provide_decorator.md]
addZipDir	file	[masked\pyspark_udf_birds.md]
addZipDir	file	[masked\react_login_page.md]
addZipDir	file	[masked\recommendation_system.md]
addZipDir	file	[masked\service_health_check.md]
addZipDir	file	[masked\shell_find_function.bri]
addZipDir	file	[masked\spring_orders.md]
addZipDir	file	[masked\support_service.md]
addZipDir	file	[masked\transactional_stack.bri]
addZipDir	file	[masked\tree_visibility.bri]
addZipDir	file	[omegat\filters.xml]
addZipDir	file	[omegat\ignored_words.txt]
addZipDir	file	[omegat\last_entry.properties]
addZipDir	file	[omegat\learned_words.txt]
Exclude entry [omegat/omt-packer.log] from regex [omt-packer\.log$]
addZipDir	file	[omegat\project_save.tmx]
addZipDir	file	[omegat\project_save.tmx.202106291401.bak]
addZipDir	file	[omegat\project_save.tmx.202106291403.bak]
addZipDir	file	[omegat\project_save.tmx.202107290908.bak]
addZipDir	file	[omegat\project_save.tmx.202108091408.bak]
addZipDir	file	[omegat\project_save.tmx.202108091550.bak]
addZipDir	file	[omegat\project_save.tmx.202108181347.bak]
addZipDir	file	[omegat\project_save.tmx.202108181349.bak]
addZipDir	file	[omegat\project_save.tmx.202108191045.bak]
addZipDir	file	[omegat\project_save.tmx.bak]
addZipDir	file	[omegat\project_stats.txt]
addZipDir	file	[omegat\segmentation.conf]
addZipDir	project	[omegat.project]
addZipDir	file	[script\codility_mask.py]
addZipDir	file	[script\config.xlsx]
addZipDir	file	[script\log.txt]
addZipDir	file	[script\test.bat]
addZipDir	file	[script_output\Codility_TaskDesc_Asssessment_01a-Md-Seg_OMT (en - en).xls]
addZipDir	file	[script_output\Codility_TaskDesc_Asssessment_OMT (en - en).xls]
addZipDir	file	[source\angular_like_dislike.bri]
addZipDir	file	[source\authentication_token.md]
addZipDir	file	[source\bash_access_log.md]
addZipDir	file	[source\check_independence.md]
addZipDir	file	[source\cursor_pagination.md]
addZipDir	file	[source\custom_string_enumerator.md]
addZipDir	file	[source\data_preprocessing.md]
addZipDir	file	[source\data_science_kfold.bri]
addZipDir	file	[source\docker_compose_multiple_containers.md]
addZipDir	file	[source\elements_presenter.md]
addZipDir	file	[source\gitlabci_simple_pipeline.md]
addZipDir	file	[source\lambda_notebook.md]
addZipDir	file	[source\linear_regression.md]
addZipDir	file	[source\pod_deployment.md]
addZipDir	file	[source\provide_decorator.md]
addZipDir	file	[source\pyspark_udf_birds.md]
addZipDir	file	[source\react_login_page.md]
addZipDir	file	[source\recommendation_system.md]
addZipDir	file	[source\service_health_check.md]
addZipDir	file	[source\shell_find_function.bri]
addZipDir	file	[source\spring_orders.md]
addZipDir	file	[source\support_service.md]
addZipDir	file	[source\transactional_stack.bri]
addZipDir	file	[source\tree_visibility.bri]
Exclude entry [target/angular_like_dislike.bri] from regex [^target/.+\..+]
Exclude entry [target/authentication_token.md] from regex [^target/.+\..+]
Exclude entry [target/bash_access_log.md] from regex [^target/.+\..+]
Exclude entry [target/check_independence.md] from regex [^target/.+\..+]
Exclude entry [target/cursor_pagination.md] from regex [^target/.+\..+]
Exclude entry [target/custom_string_enumerator.md] from regex [^target/.+\..+]
Exclude entry [target/data_preprocessing.md] from regex [^target/.+\..+]
Exclude entry [target/data_science_kfold.bri] from regex [^target/.+\..+]
Exclude entry [target/docker_compose_multiple_containers.md] from regex [^target/.+\..+]
Exclude entry [target/elements_presenter.md] from regex [^target/.+\..+]
Exclude entry [target/gitlabci_simple_pipeline.md] from regex [^target/.+\..+]
Exclude entry [target/lambda_notebook.md] from regex [^target/.+\..+]
Exclude entry [target/linear_regression.md] from regex [^target/.+\..+]
Exclude entry [target/pod_deployment.md] from regex [^target/.+\..+]
Exclude entry [target/provide_decorator.md] from regex [^target/.+\..+]
Exclude entry [target/pyspark_udf_birds.md] from regex [^target/.+\..+]
Exclude entry [target/react_login_page.md] from regex [^target/.+\..+]
Exclude entry [target/recommendation_system.md] from regex [^target/.+\..+]
Exclude entry [target/service_health_check.md] from regex [^target/.+\..+]
Exclude entry [target/shell_find_function.bri] from regex [^target/.+\..+]
Exclude entry [target/spring_orders.md] from regex [^target/.+\..+]
Exclude entry [target/support_service.md] from regex [^target/.+\..+]
Exclude entry [target/transactional_stack.bri] from regex [^target/.+\..+]
Exclude entry [target/tree_visibility.bri] from regex [^target/.+\..+]
createEmptyFile	[target\.empty]
createEmptyFile	[tm\auto\.empty]
createEmptyFile	[tm\.empty]
Added 71 files to the Zip.
------------------------------------
Packing timestamp: 2021-08-19 18:10:35
OMT plugin version: null
User ID: "souto"
Project name: [C:\Users\souto\Downloads\Codility_TaskDesc_CEFR_OMT]
Package name: [C:\Users\souto\Downloads\Codility_TaskDesc_CEFR_OMT\Codility_TaskDesc_CEFR_OMT.omt]
Exclude entry [Codility_TaskDesc_CEFR_OMT-level1.tmx] from regex [^(?!tm).*-(level\d|omegat)\.tmx$]
Exclude entry [Codility_TaskDesc_CEFR_OMT-level2.tmx] from regex [^(?!tm).*-(level\d|omegat)\.tmx$]
Exclude entry [Codility_TaskDesc_CEFR_OMT-omegat.tmx] from regex [^(?!tm).*-(level\d|omegat)\.tmx$]
Exclude entry [Codility_TaskDesc_CEFR_OMT.omt] from regex [\.(zip|omt|7z|rar)$]
createEmptyFile	[dictionary\.empty]
createEmptyFile	[glossary\.empty]
addZipDir	file	[masked\angular_like_dislike.bri]
addZipDir	file	[masked\authentication_token.md]
addZipDir	file	[masked\bash_access_log.md]
addZipDir	file	[masked\check_independence.md]
addZipDir	file	[masked\cursor_pagination.md]
addZipDir	file	[masked\custom_string_enumerator.md]
addZipDir	file	[masked\data_preprocessing.md]
addZipDir	file	[masked\data_science_kfold.bri]
addZipDir	file	[masked\docker_compose_multiple_containers.md]
addZipDir	file	[masked\elements_presenter.md]
addZipDir	file	[masked\gitlabci_simple_pipeline.md]
addZipDir	file	[masked\lambda_notebook.md]
addZipDir	file	[masked\linear_regression.md]
addZipDir	file	[masked\pod_deployment.md]
addZipDir	file	[masked\provide_decorator.md]
addZipDir	file	[masked\pyspark_udf_birds.md]
addZipDir	file	[masked\react_login_page.md]
addZipDir	file	[masked\recommendation_system.md]
addZipDir	file	[masked\service_health_check.md]
addZipDir	file	[masked\shell_find_function.bri]
addZipDir	file	[masked\spring_orders.md]
addZipDir	file	[masked\support_service.md]
addZipDir	file	[masked\transactional_stack.bri]
addZipDir	file	[masked\tree_visibility.bri]
addZipDir	file	[omegat\filters.xml]
addZipDir	file	[omegat\ignored_words.txt]
addZipDir	file	[omegat\last_entry.properties]
addZipDir	file	[omegat\learned_words.txt]
Exclude entry [omegat/omt-packer.log] from regex [omt-packer\.log$]
addZipDir	file	[omegat\project_save.tmx]
addZipDir	file	[omegat\project_save.tmx.202106291401.bak]
addZipDir	file	[omegat\project_save.tmx.202106291403.bak]
addZipDir	file	[omegat\project_save.tmx.202107290908.bak]
addZipDir	file	[omegat\project_save.tmx.202108091408.bak]
addZipDir	file	[omegat\project_save.tmx.202108091550.bak]
addZipDir	file	[omegat\project_save.tmx.202108181347.bak]
addZipDir	file	[omegat\project_save.tmx.202108181349.bak]
addZipDir	file	[omegat\project_save.tmx.202108191045.bak]
addZipDir	file	[omegat\project_save.tmx.202108191741.bak]
addZipDir	file	[omegat\project_save.tmx.bak]
addZipDir	file	[omegat\project_stats.txt]
addZipDir	file	[omegat\segmentation.conf]
addZipDir	project	[omegat.project]
addZipDir	file	[script\codility_mask.py]
addZipDir	file	[script\config.xlsx]
addZipDir	file	[script\log.txt]
addZipDir	file	[script\test.bat]
addZipDir	file	[script_output\Codility_TaskDesc_Asssessment_01a-Md-Seg_OMT (en - en).xls]
addZipDir	file	[script_output\Codility_TaskDesc_Asssessment_OMT (en - en).xls]
addZipDir	file	[source\angular_like_dislike.bri]
addZipDir	file	[source\authentication_token.md]
addZipDir	file	[source\bash_access_log.md]
addZipDir	file	[source\check_independence.md]
addZipDir	file	[source\cursor_pagination.md]
addZipDir	file	[source\custom_string_enumerator.md]
addZipDir	file	[source\data_preprocessing.md]
addZipDir	file	[source\data_science_kfold.bri]
addZipDir	file	[source\docker_compose_multiple_containers.md]
addZipDir	file	[source\elements_presenter.md]
addZipDir	file	[source\gitlabci_simple_pipeline.md]
addZipDir	file	[source\lambda_notebook.md]
addZipDir	file	[source\linear_regression.md]
addZipDir	file	[source\pod_deployment.md]
addZipDir	file	[source\provide_decorator.md]
addZipDir	file	[source\pyspark_udf_birds.md]
addZipDir	file	[source\react_login_page.md]
addZipDir	file	[source\recommendation_system.md]
addZipDir	file	[source\service_health_check.md]
addZipDir	file	[source\shell_find_function.bri]
addZipDir	file	[source\spring_orders.md]
addZipDir	file	[source\support_service.md]
addZipDir	file	[source\transactional_stack.bri]
addZipDir	file	[source\tree_visibility.bri]
Exclude entry [target/angular_like_dislike.bri] from regex [^target/.+\..+]
Exclude entry [target/authentication_token.md] from regex [^target/.+\..+]
createEmptyFile	[target\.empty]
createEmptyFile	[tm\auto\.empty]
createEmptyFile	[tm\.empty]
Added 72 files to the Zip.
------------------------------------
Packing timestamp: 2021-08-19 21:56:54
OMT plugin version: null
User ID: "souto"
Project name: [C:\Users\souto\Downloads\Codility_TaskDesc_CEFR_OMT]
Package name: [C:\Users\souto\Downloads\Codility_TaskDesc_CEFR_OMT\Codility_TaskDesc_CEFR_OMT.omt]
Exclude entry [Codility_TaskDesc_CEFR_OMT-level1.tmx] from regex [^(?!tm).*-(level\d|omegat)\.tmx$]
Exclude entry [Codility_TaskDesc_CEFR_OMT-level2.tmx] from regex [^(?!tm).*-(level\d|omegat)\.tmx$]
Exclude entry [Codility_TaskDesc_CEFR_OMT-omegat.tmx] from regex [^(?!tm).*-(level\d|omegat)\.tmx$]
Exclude entry [Codility_TaskDesc_CEFR_OMT.omt] from regex [\.(zip|omt|7z|rar)$]
createEmptyFile	[dictionary\.empty]
createEmptyFile	[glossary\.empty]
addZipDir	file	[masked\angular_like_dislike.bri]
addZipDir	file	[omegat\filters.xml]
addZipDir	file	[omegat\ignored_words.txt]
addZipDir	file	[omegat\last_entry.properties]
addZipDir	file	[omegat\learned_words.txt]
Exclude entry [omegat/omt-packer.log] from regex [omt-packer\.log$]
addZipDir	file	[omegat\project_save.tmx]
addZipDir	file	[omegat\project_save.tmx.202106291401.bak]
addZipDir	file	[omegat\project_save.tmx.202106291403.bak]
addZipDir	file	[omegat\project_save.tmx.202107290908.bak]
addZipDir	file	[omegat\project_save.tmx.202108091408.bak]
addZipDir	file	[omegat\project_save.tmx.202108091550.bak]
addZipDir	file	[omegat\project_save.tmx.202108181347.bak]
addZipDir	file	[omegat\project_save.tmx.202108181349.bak]
addZipDir	file	[omegat\project_save.tmx.202108191045.bak]
addZipDir	file	[omegat\project_save.tmx.202108191741.bak]
addZipDir	file	[omegat\project_save.tmx.bak]
addZipDir	file	[omegat\project_stats.txt]
addZipDir	file	[omegat\segmentation.conf]
addZipDir	project	[omegat.project]
addZipDir	file	[script\codility_mask.py]
addZipDir	file	[script\config.xlsx]
addZipDir	file	[script\log.txt]
addZipDir	file	[script\test.bat]
addZipDir	file	[script_output\Codility_TaskDesc_Asssessment_01a-Md-Seg_OMT (en - en).xls]
addZipDir	file	[script_output\Codility_TaskDesc_Asssessment_OMT (en - en).xls]
addZipDir	file	[source\angular_like_dislike.bri]
addZipDir	file	[source\authentication_token.md]
addZipDir	file	[source\bash_access_log.md]
addZipDir	file	[source\check_independence.md]
addZipDir	file	[source\cursor_pagination.md]
addZipDir	file	[source\custom_string_enumerator.md]
addZipDir	file	[source\data_preprocessing.md]
addZipDir	file	[source\data_science_kfold.bri]
addZipDir	file	[source\docker_compose_multiple_containers.md]
addZipDir	file	[source\elements_presenter.md]
addZipDir	file	[source\gitlabci_simple_pipeline.md]
addZipDir	file	[source\lambda_notebook.md]
addZipDir	file	[source\linear_regression.md]
addZipDir	file	[source\pod_deployment.md]
addZipDir	file	[source\provide_decorator.md]
addZipDir	file	[source\pyspark_udf_birds.md]
addZipDir	file	[source\react_login_page.md]
addZipDir	file	[source\recommendation_system.md]
addZipDir	file	[source\service_health_check.md]
addZipDir	file	[source\shell_find_function.bri]
addZipDir	file	[source\spring_orders.md]
addZipDir	file	[source\support_service.md]
addZipDir	file	[source\transactional_stack.bri]
addZipDir	file	[source\tree_visibility.bri]
Exclude entry [target/angular_like_dislike.bri] from regex [^target/.+\..+]
Exclude entry [target/authentication_token.md] from regex [^target/.+\..+]
createEmptyFile	[target\.empty]
createEmptyFile	[tm\auto\.empty]
createEmptyFile	[tm\.empty]
Added 49 files to the Zip.
------------------------------------
Packing timestamp: 2021-08-20 15:47:07
OMT plugin version: null
User ID: "souto"
Project name: [C:\Users\souto\Downloads\Codility_TaskDesc_CEFR_OMT]
Package name: [C:\Users\souto\Downloads\Codility_TaskDesc_CEFR_OMT\Codility_TaskDesc_CEFR_OMT.omt]
Exclude entry [Codility_TaskDesc_CEFR_OMT-level1.tmx] from regex [^(?!tm).*-(level\d|omegat)\.tmx$]
Exclude entry [Codility_TaskDesc_CEFR_OMT-level2.tmx] from regex [^(?!tm).*-(level\d|omegat)\.tmx$]
Exclude entry [Codility_TaskDesc_CEFR_OMT-omegat.tmx] from regex [^(?!tm).*-(level\d|omegat)\.tmx$]
Exclude entry [Codility_TaskDesc_CEFR_OMT.omt] from regex [\.(zip|omt|7z|rar)$]
createEmptyFile	[dictionary\.empty]
createEmptyFile	[glossary\.empty]
createEmptyFile	[masked\.empty]
addZipDir	file	[omegat\filters.xml]
addZipDir	file	[omegat\ignored_words.txt]
addZipDir	file	[omegat\last_entry.properties]
addZipDir	file	[omegat\learned_words.txt]
Exclude entry [omegat/omt-packer.log] from regex [omt-packer\.log$]
addZipDir	file	[omegat\project_save.tmx]
addZipDir	file	[omegat\project_save.tmx.202106291401.bak]
addZipDir	file	[omegat\project_save.tmx.202106291403.bak]
addZipDir	file	[omegat\project_save.tmx.202107290908.bak]
addZipDir	file	[omegat\project_save.tmx.202108091408.bak]
addZipDir	file	[omegat\project_save.tmx.202108091550.bak]
addZipDir	file	[omegat\project_save.tmx.202108181347.bak]
addZipDir	file	[omegat\project_save.tmx.202108181349.bak]
addZipDir	file	[omegat\project_save.tmx.202108191045.bak]
addZipDir	file	[omegat\project_save.tmx.202108192156.bak]
addZipDir	file	[omegat\project_save.tmx.202108201247.bak]
addZipDir	file	[omegat\project_save.tmx.bak]
addZipDir	file	[omegat\project_stats.txt]
addZipDir	file	[omegat\segmentation.conf]
addZipDir	project	[omegat.project]
addZipDir	file	[script\codility_mask.py]
addZipDir	file	[script\config.xlsx]
addZipDir	file	[script\log.txt]
addZipDir	file	[script\test.bat]
addZipDir	file	[script_output\Codility_TaskDesc_Asssessment_01a-Md-Seg_OMT (en - en).xls]
addZipDir	file	[script_output\Codility_TaskDesc_Asssessment_OMT (en - en).xls]
addZipDir	file	[source\angular_like_dislike.bri]
addZipDir	file	[source\authentication_token.md]
addZipDir	file	[source\bash_access_log.md]
addZipDir	file	[source\check_independence.md]
addZipDir	file	[source\cursor_pagination.md]
addZipDir	file	[source\custom_string_enumerator.md]
addZipDir	file	[source\data_preprocessing.md]
addZipDir	file	[source\data_science_kfold.bri]
addZipDir	file	[source\docker_compose_multiple_containers.md]
addZipDir	file	[source\elements_presenter.md]
addZipDir	file	[source\gitlabci_simple_pipeline.md]
addZipDir	file	[source\lambda_notebook.md]
addZipDir	file	[source\linear_regression.md]
addZipDir	file	[source\pod_deployment.md]
addZipDir	file	[source\provide_decorator.md]
addZipDir	file	[source\pyspark_udf_birds.md]
addZipDir	file	[source\react_login_page.md]
addZipDir	file	[source\recommendation_system.md]
addZipDir	file	[source\service_health_check.md]
addZipDir	file	[source\shell_find_function.bri]
addZipDir	file	[source\spring_orders.md]
addZipDir	file	[source\support_service.md]
addZipDir	file	[source\transactional_stack.bri]
addZipDir	file	[source\tree_visibility.bri]
Exclude entry [target/angular_like_dislike.bri] from regex [^target/.+\..+]
Exclude entry [target/authentication_token.md] from regex [^target/.+\..+]
Exclude entry [target/bash_access_log.md] from regex [^target/.+\..+]
Exclude entry [target/provide_decorator.md] from regex [^target/.+\..+]
createEmptyFile	[target\.empty]
createEmptyFile	[tm\auto\.empty]
createEmptyFile	[tm\.empty]
Added 49 files to the Zip.
------------------------------------
Packing timestamp: 2021-08-20 15:48:42
OMT plugin version: null
User ID: "souto"
Project name: [C:\Users\souto\Downloads\Codility_TaskDesc_CEFR_OMT]
Package name: [C:\Users\souto\Downloads\Codility_TaskDesc_CEFR_OMT\Codility_TaskDesc_CEFR_OMT.omt]
Exclude entry [Codility_TaskDesc_CEFR_OMT-level1.tmx] from regex [^(?!tm).*-(level\d|omegat)\.tmx$]
Exclude entry [Codility_TaskDesc_CEFR_OMT-level2.tmx] from regex [^(?!tm).*-(level\d|omegat)\.tmx$]
Exclude entry [Codility_TaskDesc_CEFR_OMT-omegat.tmx] from regex [^(?!tm).*-(level\d|omegat)\.tmx$]
Exclude entry [Codility_TaskDesc_CEFR_OMT.omt] from regex [\.(zip|omt|7z|rar)$]
createEmptyFile	[dictionary\.empty]
createEmptyFile	[glossary\.empty]
addZipDir	file	[masked\angular_like_dislike.bri]
addZipDir	file	[masked\authentication_token.md]
addZipDir	file	[masked\bash_access_log.md]
addZipDir	file	[masked\provide_decorator.md]
addZipDir	file	[omegat\filters.xml]
addZipDir	file	[omegat\ignored_words.txt]
addZipDir	file	[omegat\last_entry.properties]
addZipDir	file	[omegat\learned_words.txt]
Exclude entry [omegat/omt-packer.log] from regex [omt-packer\.log$]
addZipDir	file	[omegat\project_save.tmx]
addZipDir	file	[omegat\project_save.tmx.202106291401.bak]
addZipDir	file	[omegat\project_save.tmx.202106291403.bak]
addZipDir	file	[omegat\project_save.tmx.202107290908.bak]
addZipDir	file	[omegat\project_save.tmx.202108091408.bak]
addZipDir	file	[omegat\project_save.tmx.202108091550.bak]
addZipDir	file	[omegat\project_save.tmx.202108181347.bak]
addZipDir	file	[omegat\project_save.tmx.202108181349.bak]
addZipDir	file	[omegat\project_save.tmx.202108191045.bak]
addZipDir	file	[omegat\project_save.tmx.202108192156.bak]
addZipDir	file	[omegat\project_save.tmx.202108201247.bak]
addZipDir	file	[omegat\project_save.tmx.bak]
addZipDir	file	[omegat\project_stats.txt]
addZipDir	file	[omegat\segmentation.conf]
addZipDir	project	[omegat.project]
addZipDir	file	[script\codility_mask.py]
addZipDir	file	[script\config.xlsx]
addZipDir	file	[script\log.txt]
addZipDir	file	[script\test.bat]
addZipDir	file	[script_output\Codility_TaskDesc_Asssessment_01a-Md-Seg_OMT (en - en).xls]
addZipDir	file	[script_output\Codility_TaskDesc_Asssessment_OMT (en - en).xls]
addZipDir	file	[source\angular_like_dislike.bri]
addZipDir	file	[source\authentication_token.md]
addZipDir	file	[source\bash_access_log.md]
addZipDir	file	[source\check_independence.md]
addZipDir	file	[source\cursor_pagination.md]
addZipDir	file	[source\custom_string_enumerator.md]
addZipDir	file	[source\data_preprocessing.md]
addZipDir	file	[source\data_science_kfold.bri]
addZipDir	file	[source\docker_compose_multiple_containers.md]
addZipDir	file	[source\elements_presenter.md]
addZipDir	file	[source\gitlabci_simple_pipeline.md]
addZipDir	file	[source\lambda_notebook.md]
addZipDir	file	[source\linear_regression.md]
addZipDir	file	[source\pod_deployment.md]
addZipDir	file	[source\provide_decorator.md]
addZipDir	file	[source\pyspark_udf_birds.md]
addZipDir	file	[source\react_login_page.md]
addZipDir	file	[source\recommendation_system.md]
addZipDir	file	[source\service_health_check.md]
addZipDir	file	[source\shell_find_function.bri]
addZipDir	file	[source\spring_orders.md]
addZipDir	file	[source\support_service.md]
addZipDir	file	[source\transactional_stack.bri]
addZipDir	file	[source\tree_visibility.bri]
Exclude entry [target/angular_like_dislike.bri] from regex [^target/.+\..+]
Exclude entry [target/authentication_token.md] from regex [^target/.+\..+]
Exclude entry [target/bash_access_log.md] from regex [^target/.+\..+]
Exclude entry [target/provide_decorator.md] from regex [^target/.+\..+]
createEmptyFile	[target\.empty]
createEmptyFile	[tm\auto\.empty]
createEmptyFile	[tm\.empty]
Added 53 files to the Zip.
------------------------------------
Packing timestamp: 2021-08-23 17:22:19
OMT plugin version: null
User ID: "cApSt"
Project name: [C:\Users\cApSt\Desktop\Codility\01_Task_Editing\Codility_TaskDesc_CEFR_OMT]
Package name: [C:\Users\cApSt\Desktop\Codility\01_Task_Editing\Codility_TaskDesc_CEFR_OMT.omt]
Exclude entry [Codility_TaskDesc_CEFR_OMT-level1.tmx] from regex [^(?!tm).*-(level\d|omegat)\.tmx$]
Exclude entry [Codility_TaskDesc_CEFR_OMT-level2.tmx] from regex [^(?!tm).*-(level\d|omegat)\.tmx$]
Exclude entry [Codility_TaskDesc_CEFR_OMT-omegat.tmx] from regex [^(?!tm).*-(level\d|omegat)\.tmx$]
createEmptyFile	[dictionary\.empty]
addZipDir	file	[glossary\glossary.txt]
addZipDir	file	[masked\angular_like_dislike.bri]
addZipDir	file	[masked\authentication_token.md]
addZipDir	file	[masked\bash_access_log.md]
addZipDir	file	[masked\check_independence.md]
addZipDir	file	[masked\cursor_pagination.md]
addZipDir	file	[masked\custom_string_enumerator.md]
addZipDir	file	[masked\data_preprocessing.md]
addZipDir	file	[masked\data_science_kfold.bri]
addZipDir	file	[masked\docker_compose_multiple_containers.md]
addZipDir	file	[masked\elements_presenter.md]
addZipDir	file	[masked\gitlabci_simple_pipeline.md]
addZipDir	file	[omegat\filters.xml]
addZipDir	file	[omegat\ignored_words.txt]
addZipDir	file	[omegat\last_entry.properties]
addZipDir	file	[omegat\learned_words.txt]
Exclude entry [omegat/omt-packer.log] from regex [omt-packer\.log$]
addZipDir	file	[omegat\project_save.tmx]
addZipDir	file	[omegat\project_save.tmx.202108181347.bak]
addZipDir	file	[omegat\project_save.tmx.202108181349.bak]
addZipDir	file	[omegat\project_save.tmx.202108191045.bak]
addZipDir	file	[omegat\project_save.tmx.202108192156.bak]
addZipDir	file	[omegat\project_save.tmx.202108201213.bak]
addZipDir	file	[omegat\project_save.tmx.202108201247.bak]
addZipDir	file	[omegat\project_save.tmx.202108201442.bak]
addZipDir	file	[omegat\project_save.tmx.202108201650.bak]
addZipDir	file	[omegat\project_save.tmx.202108231201.bak]
addZipDir	file	[omegat\project_save.tmx.202108231657.bak]
addZipDir	file	[omegat\project_save.tmx.bak]
addZipDir	file	[omegat\project_stats.txt]
addZipDir	file	[omegat\segmentation.conf]
addZipDir	project	[omegat.project]
addZipDir	file	[script\codility_mask.py]
addZipDir	file	[script\config.xlsx]
addZipDir	file	[script\log.txt]
addZipDir	file	[script\test.bat]
addZipDir	file	[script_output\Codility_TaskDesc_Asssessment_01a-Md-Seg_OMT (en - en).xls]
addZipDir	file	[script_output\Codility_TaskDesc_Asssessment_OMT (en - en).xls]
addZipDir	file	[source\angular_like_dislike.bri]
addZipDir	file	[source\authentication_token.md]
addZipDir	file	[source\bash_access_log.md]
addZipDir	file	[source\check_independence.md]
addZipDir	file	[source\cursor_pagination.md]
addZipDir	file	[source\custom_string_enumerator.md]
addZipDir	file	[source\data_preprocessing.md]
addZipDir	file	[source\data_science_kfold.bri]
addZipDir	file	[source\docker_compose_multiple_containers.md]
addZipDir	file	[source\elements_presenter.md]
addZipDir	file	[source\gitlabci_simple_pipeline.md]
addZipDir	file	[source\lambda_notebook.md]
addZipDir	file	[source\linear_regression.md]
addZipDir	file	[source\pod_deployment.md]
addZipDir	file	[source\provide_decorator.md]
addZipDir	file	[source\pyspark_udf_birds.md]
addZipDir	file	[source\react_login_page.md]
addZipDir	file	[source\recommendation_system.md]
addZipDir	file	[source\service_health_check.md]
addZipDir	file	[source\shell_find_function.bri]
addZipDir	file	[source\spring_orders.md]
addZipDir	file	[source\support_service.md]
addZipDir	file	[source\transactional_stack.bri]
addZipDir	file	[source\tree_visibility.bri]
Exclude entry [target/angular_like_dislike.bri] from regex [^target/.+\..+]
Exclude entry [target/authentication_token.md] from regex [^target/.+\..+]
Exclude entry [target/bash_access_log.md] from regex [^target/.+\..+]
Exclude entry [target/check_independence.md] from regex [^target/.+\..+]
Exclude entry [target/cursor_pagination.md] from regex [^target/.+\..+]
Exclude entry [target/custom_string_enumerator.md] from regex [^target/.+\..+]
Exclude entry [target/data_preprocessing.md] from regex [^target/.+\..+]
Exclude entry [target/data_science_kfold.bri] from regex [^target/.+\..+]
Exclude entry [target/docker_compose_multiple_containers.md] from regex [^target/.+\..+]
Exclude entry [target/elements_presenter.md] from regex [^target/.+\..+]
Exclude entry [target/gitlabci_simple_pipeline.md] from regex [^target/.+\..+]
Exclude entry [target/provide_decorator.md] from regex [^target/.+\..+]
createEmptyFile	[target\.empty]
createEmptyFile	[tm\auto\.empty]
createEmptyFile	[tm\.empty]
Added 61 files to the Zip.
------------------------------------
Packing timestamp: 2021-08-24 17:47:43
OMT plugin version: null
User ID: "cApSt"
Project name: [C:\Users\cApSt\Desktop\Codility\01_Task_Editing\Codility_TaskDesc_CEFR_OMT]
Package name: [C:\Users\cApSt\Desktop\Codility\01_Task_Editing\Codility_TaskDesc_CEFR_OMT.omt]
Exclude entry [Codility_TaskDesc_CEFR_OMT-level1.tmx] from regex [^(?!tm).*-(level\d|omegat)\.tmx$]
Exclude entry [Codility_TaskDesc_CEFR_OMT-level2.tmx] from regex [^(?!tm).*-(level\d|omegat)\.tmx$]
Exclude entry [Codility_TaskDesc_CEFR_OMT-omegat.tmx] from regex [^(?!tm).*-(level\d|omegat)\.tmx$]
createEmptyFile	[dictionary\.empty]
addZipDir	file	[glossary\glossary.txt]
addZipDir	file	[masked\angular_like_dislike.bri]
addZipDir	file	[masked\authentication_token.md]
addZipDir	file	[masked\bash_access_log.md]
addZipDir	file	[masked\check_independence.md]
addZipDir	file	[masked\cursor_pagination.md]
addZipDir	file	[masked\custom_string_enumerator.md]
addZipDir	file	[masked\data_preprocessing.md]
addZipDir	file	[masked\data_science_kfold.bri]
addZipDir	file	[masked\docker_compose_multiple_containers.md]
addZipDir	file	[masked\elements_presenter.md]
addZipDir	file	[masked\gitlabci_simple_pipeline.md]
addZipDir	file	[masked\lambda_notebook.md]
addZipDir	file	[masked\linear_regression.md]
addZipDir	file	[omegat\filters.xml]
addZipDir	file	[omegat\ignored_words.txt]
addZipDir	file	[omegat\last_entry.properties]
addZipDir	file	[omegat\learned_words.txt]
Exclude entry [omegat/omt-packer.log] from regex [omt-packer\.log$]
addZipDir	file	[omegat\project_save.tmx]
addZipDir	file	[omegat\project_save.tmx.202108181347.bak]
addZipDir	file	[omegat\project_save.tmx.202108181349.bak]
addZipDir	file	[omegat\project_save.tmx.202108191045.bak]
addZipDir	file	[omegat\project_save.tmx.202108192156.bak]
addZipDir	file	[omegat\project_save.tmx.202108201213.bak]
addZipDir	file	[omegat\project_save.tmx.202108201247.bak]
addZipDir	file	[omegat\project_save.tmx.202108201442.bak]
addZipDir	file	[omegat\project_save.tmx.202108201650.bak]
addZipDir	file	[omegat\project_save.tmx.202108231201.bak]
addZipDir	file	[omegat\project_save.tmx.202108231657.bak]
addZipDir	file	[omegat\project_save.tmx.bak]
addZipDir	file	[omegat\project_stats.txt]
addZipDir	file	[omegat\segmentation.conf]
addZipDir	project	[omegat.project]
addZipDir	file	[script\codility_mask.py]
addZipDir	file	[script\config.xlsx]
addZipDir	file	[script\log.txt]
addZipDir	file	[script\test.bat]
addZipDir	file	[script_output\Codility_TaskDesc_Asssessment_01a-Md-Seg_OMT (en - en).xls]
addZipDir	file	[script_output\Codility_TaskDesc_Asssessment_OMT (en - en).xls]
addZipDir	file	[source\angular_like_dislike.bri]
addZipDir	file	[source\authentication_token.md]
addZipDir	file	[source\bash_access_log.md]
addZipDir	file	[source\check_independence.md]
addZipDir	file	[source\cursor_pagination.md]
addZipDir	file	[source\custom_string_enumerator.md]
addZipDir	file	[source\data_preprocessing.md]
addZipDir	file	[source\data_science_kfold.bri]
addZipDir	file	[source\docker_compose_multiple_containers.md]
addZipDir	file	[source\elements_presenter.md]
addZipDir	file	[source\gitlabci_simple_pipeline.md]
addZipDir	file	[source\lambda_notebook.md]
addZipDir	file	[source\linear_regression.md]
addZipDir	file	[source\pod_deployment.md]
addZipDir	file	[source\provide_decorator.md]
addZipDir	file	[source\pyspark_udf_birds.md]
addZipDir	file	[source\react_login_page.md]
addZipDir	file	[source\recommendation_system.md]
addZipDir	file	[source\service_health_check.md]
addZipDir	file	[source\shell_find_function.bri]
addZipDir	file	[source\spring_orders.md]
addZipDir	file	[source\support_service.md]
addZipDir	file	[source\transactional_stack.bri]
addZipDir	file	[source\tree_visibility.bri]
Exclude entry [target/angular_like_dislike.bri] from regex [^target/.+\..+]
Exclude entry [target/authentication_token.md] from regex [^target/.+\..+]
Exclude entry [target/bash_access_log.md] from regex [^target/.+\..+]
Exclude entry [target/check_independence.md] from regex [^target/.+\..+]
Exclude entry [target/cursor_pagination.md] from regex [^target/.+\..+]
Exclude entry [target/custom_string_enumerator.md] from regex [^target/.+\..+]
Exclude entry [target/data_preprocessing.md] from regex [^target/.+\..+]
Exclude entry [target/data_science_kfold.bri] from regex [^target/.+\..+]
Exclude entry [target/docker_compose_multiple_containers.md] from regex [^target/.+\..+]
Exclude entry [target/elements_presenter.md] from regex [^target/.+\..+]
Exclude entry [target/gitlabci_simple_pipeline.md] from regex [^target/.+\..+]
Exclude entry [target/lambda_notebook.md] from regex [^target/.+\..+]
Exclude entry [target/linear_regression.md] from regex [^target/.+\..+]
Exclude entry [target/provide_decorator.md] from regex [^target/.+\..+]
createEmptyFile	[target\.empty]
createEmptyFile	[tm\auto\.empty]
createEmptyFile	[tm\.empty]
Added 63 files to the Zip.
------------------------------------
Packing timestamp: 2021-08-25 15:59:18
OMT plugin version: null
User ID: "souto"
Project name: [c:\Users\souto\Sync\Codility\06_EditingTask\02_Work\Codility_TaskDesc_CEFR_OMT]
Package name: [c:\Users\souto\Sync\Codility\06_EditingTask\02_Work\Codility_TaskDesc_CEFR_OMT.omt]
Exclude entry [Codility_TaskDesc_CEFR_OMT-level1.tmx] from regex [^(?!tm).*-(level\d|omegat)\.tmx$]
Exclude entry [Codility_TaskDesc_CEFR_OMT-level2.tmx] from regex [^(?!tm).*-(level\d|omegat)\.tmx$]
Exclude entry [Codility_TaskDesc_CEFR_OMT-omegat.tmx] from regex [^(?!tm).*-(level\d|omegat)\.tmx$]
addZipDir	file	[dictionary\.empty]
addZipDir	file	[glossary\glossary.txt]
addZipDir	file	[masked\angular_like_dislike.bri]
addZipDir	file	[masked\authentication_token.md]
addZipDir	file	[masked\bash_access_log.md]
addZipDir	file	[masked\check_independence.md]
addZipDir	file	[masked\cursor_pagination.md]
addZipDir	file	[masked\custom_string_enumerator.md]
addZipDir	file	[masked\data_preprocessing.md]
addZipDir	file	[masked\data_science_kfold.bri]
addZipDir	file	[masked\docker_compose_multiple_containers.md]
addZipDir	file	[masked\elements_presenter.md]
addZipDir	file	[masked\gitlabci_simple_pipeline.md]
addZipDir	file	[masked\lambda_notebook.md]
addZipDir	file	[masked\linear_regression.md]
addZipDir	file	[masked\pod_deployment.md]
addZipDir	file	[omegat\filters.xml]
addZipDir	file	[omegat\ignored_words.txt]
addZipDir	file	[omegat\last_entry.properties]
addZipDir	file	[omegat\learned_words.txt]
Exclude entry [omegat/omt-packer.log] from regex [omt-packer\.log$]
addZipDir	file	[omegat\project_save.tmx]
addZipDir	file	[omegat\project_save.tmx.202108181347.bak]
addZipDir	file	[omegat\project_save.tmx.202108181349.bak]
addZipDir	file	[omegat\project_save.tmx.202108191045.bak]
addZipDir	file	[omegat\project_save.tmx.202108192156.bak]
addZipDir	file	[omegat\project_save.tmx.202108201213.bak]
addZipDir	file	[omegat\project_save.tmx.202108201247.bak]
addZipDir	file	[omegat\project_save.tmx.202108201442.bak]
addZipDir	file	[omegat\project_save.tmx.202108201650.bak]
addZipDir	file	[omegat\project_save.tmx.202108231201.bak]
addZipDir	file	[omegat\project_save.tmx.202108231657.bak]
addZipDir	file	[omegat\project_save.tmx.202108241747.bak]
addZipDir	file	[omegat\project_stats.txt]
addZipDir	file	[omegat\segmentation.conf]
addZipDir	project	[omegat.project]
addZipDir	file	[script\codility_mask.py]
addZipDir	file	[script\config.xlsx]
addZipDir	file	[script\log.txt]
addZipDir	file	[script\test.bat]
addZipDir	file	[script_output\Codility_TaskDesc_Asssessment_01a-Md-Seg_OMT (en - en).xls]
addZipDir	file	[script_output\Codility_TaskDesc_Asssessment_OMT (en - en).xls]
addZipDir	file	[source\angular_like_dislike.bri]
addZipDir	file	[source\authentication_token.md]
addZipDir	file	[source\bash_access_log.md]
addZipDir	file	[source\check_independence.md]
addZipDir	file	[source\cursor_pagination.md]
addZipDir	file	[source\custom_string_enumerator.md]
addZipDir	file	[source\data_preprocessing.md]
addZipDir	file	[source\data_science_kfold.bri]
addZipDir	file	[source\docker_compose_multiple_containers.md]
addZipDir	file	[source\elements_presenter.md]
addZipDir	file	[source\gitlabci_simple_pipeline.md]
addZipDir	file	[source\lambda_notebook.md]
addZipDir	file	[source\linear_regression.md]
addZipDir	file	[source\pod_deployment.md]
addZipDir	file	[source\provide_decorator.md]
addZipDir	file	[source\pyspark_udf_birds.md]
addZipDir	file	[source\react_login_page.md]
addZipDir	file	[source\recommendation_system.md]
addZipDir	file	[source\service_health_check.md]
addZipDir	file	[source\shell_find_function.bri]
addZipDir	file	[source\spring_orders.md]
addZipDir	file	[source\support_service.md]
addZipDir	file	[source\transactional_stack.bri]
addZipDir	file	[source\tree_visibility.bri]
addZipDir	file	[target\.empty]
Exclude entry [target/pod_deployment.md] from regex [^target/.+\..+]
addZipDir	file	[tm\.empty]
addZipDir	file	[tm\auto\.empty]
Added 68 files to the Zip.
------------------------------------
Packing timestamp: 2021-08-25 16:12:20
OMT plugin version: null
User ID: "cApSt"
Project name: [C:\Users\cApSt\Desktop\Codility\01_Task_Editing\Codility_TaskDesc_CEFR_OMT]
Package name: [C:\Users\cApSt\Desktop\Codility\01_Task_Editing\Codility_TaskDesc_CEFR_OMT.omt]
Exclude entry [Codility_TaskDesc_CEFR_OMT-level1.tmx] from regex [^(?!tm).*-(level\d|omegat)\.tmx$]
Exclude entry [Codility_TaskDesc_CEFR_OMT-level2.tmx] from regex [^(?!tm).*-(level\d|omegat)\.tmx$]
Exclude entry [Codility_TaskDesc_CEFR_OMT-omegat.tmx] from regex [^(?!tm).*-(level\d|omegat)\.tmx$]
createEmptyFile	[dictionary\.empty]
addZipDir	file	[glossary\glossary.txt]
addZipDir	file	[masked\angular_like_dislike.bri]
addZipDir	file	[masked\authentication_token.md]
addZipDir	file	[masked\bash_access_log.md]
addZipDir	file	[masked\check_independence.md]
addZipDir	file	[masked\cursor_pagination.md]
addZipDir	file	[masked\custom_string_enumerator.md]
addZipDir	file	[masked\data_preprocessing.md]
addZipDir	file	[masked\data_science_kfold.bri]
addZipDir	file	[masked\docker_compose_multiple_containers.md]
addZipDir	file	[masked\elements_presenter.md]
addZipDir	file	[masked\gitlabci_simple_pipeline.md]
addZipDir	file	[masked\lambda_notebook.md]
addZipDir	file	[masked\linear_regression.md]
addZipDir	file	[masked\pod_deployment.md]
addZipDir	file	[masked\provide_decorator.md]
addZipDir	file	[masked\pyspark_udf_birds.md]
addZipDir	file	[masked\react_login_page.md]
addZipDir	file	[masked\recommendation_system.md]
addZipDir	file	[masked\service_health_check.md]
addZipDir	file	[masked\shell_find_function.bri]
addZipDir	file	[masked\spring_orders.md]
addZipDir	file	[masked\support_service.md]
addZipDir	file	[masked\transactional_stack.bri]
addZipDir	file	[masked\tree_visibility.bri]
addZipDir	file	[omegat\filters.xml]
addZipDir	file	[omegat\ignored_words.txt]
addZipDir	file	[omegat\last_entry.properties]
addZipDir	file	[omegat\learned_words.txt]
Exclude entry [omegat/omt-packer.log] from regex [omt-packer\.log$]
addZipDir	file	[omegat\project_save.tmx]
addZipDir	file	[omegat\project_save.tmx.202108181347.bak]
addZipDir	file	[omegat\project_save.tmx.202108181349.bak]
addZipDir	file	[omegat\project_save.tmx.202108191045.bak]
addZipDir	file	[omegat\project_save.tmx.202108192156.bak]
addZipDir	file	[omegat\project_save.tmx.202108201213.bak]
addZipDir	file	[omegat\project_save.tmx.202108201247.bak]
addZipDir	file	[omegat\project_save.tmx.202108201442.bak]
addZipDir	file	[omegat\project_save.tmx.202108201650.bak]
addZipDir	file	[omegat\project_save.tmx.202108231201.bak]
addZipDir	file	[omegat\project_save.tmx.202108231657.bak]
addZipDir	file	[omegat\project_save.tmx.202108241747.bak]
addZipDir	file	[omegat\project_save.tmx.bak]
addZipDir	file	[omegat\project_stats.txt]
addZipDir	file	[omegat\segmentation.conf]
addZipDir	project	[omegat.project]
addZipDir	file	[script\codility_mask.py]
addZipDir	file	[script\config.xlsx]
addZipDir	file	[script\log.txt]
addZipDir	file	[script\test.bat]
addZipDir	file	[script_output\Codility_TaskDesc_Asssessment_01a-Md-Seg_OMT (en - en).xls]
addZipDir	file	[script_output\Codility_TaskDesc_Asssessment_OMT (en - en).xls]
addZipDir	file	[source\angular_like_dislike.bri]
addZipDir	file	[source\authentication_token.md]
addZipDir	file	[source\bash_access_log.md]
addZipDir	file	[source\check_independence.md]
addZipDir	file	[source\cursor_pagination.md]
addZipDir	file	[source\custom_string_enumerator.md]
addZipDir	file	[source\data_preprocessing.md]
addZipDir	file	[source\data_science_kfold.bri]
addZipDir	file	[source\docker_compose_multiple_containers.md]
addZipDir	file	[source\elements_presenter.md]
addZipDir	file	[source\gitlabci_simple_pipeline.md]
addZipDir	file	[source\lambda_notebook.md]
addZipDir	file	[source\linear_regression.md]
addZipDir	file	[source\pod_deployment.md]
addZipDir	file	[source\provide_decorator.md]
addZipDir	file	[source\pyspark_udf_birds.md]
addZipDir	file	[source\react_login_page.md]
addZipDir	file	[source\recommendation_system.md]
addZipDir	file	[source\service_health_check.md]
addZipDir	file	[source\shell_find_function.bri]
addZipDir	file	[source\spring_orders.md]
addZipDir	file	[source\support_service.md]
addZipDir	file	[source\transactional_stack.bri]
addZipDir	file	[source\tree_visibility.bri]
Exclude entry [target/pod_deployment.md] from regex [^target/.+\..+]
Exclude entry [target/provide_decorator.md] from regex [^target/.+\..+]
Exclude entry [target/pyspark_udf_birds.md] from regex [^target/.+\..+]
Exclude entry [target/react_login_page.md] from regex [^target/.+\..+]
Exclude entry [target/recommendation_system.md] from regex [^target/.+\..+]
Exclude entry [target/service_health_check.md] from regex [^target/.+\..+]
Exclude entry [target/shell_find_function.bri] from regex [^target/.+\..+]
Exclude entry [target/spring_orders.md] from regex [^target/.+\..+]
Exclude entry [target/support_service.md] from regex [^target/.+\..+]
Exclude entry [target/transactional_stack.bri] from regex [^target/.+\..+]
Exclude entry [target/tree_visibility.bri] from regex [^target/.+\..+]
createEmptyFile	[target\.empty]
createEmptyFile	[tm\auto\.empty]
createEmptyFile	[tm\.empty]
Added 75 files to the Zip.
------------------------------------
Packing timestamp: 2021-08-26 17:06:39
OMT plugin version: null
User ID: "Andrea"
Project name: [E:\210810_COPY_LOCAL_ANTIBES\CODILITY\06_Task_Editing\Codility_TaskDesc_CEFR_OMT]
Package name: [E:\210810_COPY_LOCAL_ANTIBES\CODILITY\06_Task_Editing\Codility_TaskDesc_CEFR_OMT.omt]
createEmptyFile	[dictionary\.empty]
addZipDir	file	[glossary\glossary.txt]
addZipDir	file	[masked\angular_like_dislike.bri]
addZipDir	file	[masked\authentication_token.md]
addZipDir	file	[masked\bash_access_log.md]
addZipDir	file	[masked\check_independence.md]
addZipDir	file	[masked\cursor_pagination.md]
addZipDir	file	[masked\custom_string_enumerator.md]
addZipDir	file	[masked\data_preprocessing.md]
addZipDir	file	[masked\data_science_kfold.bri]
addZipDir	file	[masked\docker_compose_multiple_containers.md]
addZipDir	file	[masked\elements_presenter.md]
addZipDir	file	[masked\gitlabci_simple_pipeline.md]
addZipDir	file	[masked\lambda_notebook.md]
addZipDir	file	[masked\linear_regression.md]
addZipDir	file	[masked\pod_deployment.md]
addZipDir	file	[masked\provide_decorator.md]
addZipDir	file	[masked\pyspark_udf_birds.md]
addZipDir	file	[masked\react_login_page.md]
addZipDir	file	[masked\recommendation_system.md]
addZipDir	file	[masked\service_health_check.md]
addZipDir	file	[masked\shell_find_function.bri]
addZipDir	file	[masked\spring_orders.md]
addZipDir	file	[masked\support_service.md]
addZipDir	file	[masked\transactional_stack.bri]
addZipDir	file	[masked\tree_visibility.bri]
addZipDir	file	[omegat\filters.xml]
addZipDir	file	[omegat\ignored_words.txt]
addZipDir	file	[omegat\last_entry.properties]
addZipDir	file	[omegat\learned_words.txt]
addZipDir	file	[omegat\project_save.tmx]
addZipDir	file	[omegat\project_save.tmx.202108181347.bak]
addZipDir	file	[omegat\project_save.tmx.202108181349.bak]
addZipDir	file	[omegat\project_save.tmx.202108191045.bak]
addZipDir	file	[omegat\project_save.tmx.202108192156.bak]
addZipDir	file	[omegat\project_save.tmx.202108201247.bak]
addZipDir	file	[omegat\project_save.tmx.202108201442.bak]
addZipDir	file	[omegat\project_save.tmx.202108201650.bak]
addZipDir	file	[omegat\project_save.tmx.202108231201.bak]
addZipDir	file	[omegat\project_save.tmx.202108231657.bak]
addZipDir	file	[omegat\project_save.tmx.202108241747.bak]
addZipDir	file	[omegat\project_save.tmx.bak]
addZipDir	file	[omegat\project_stats.txt]
addZipDir	file	[omegat\segmentation.conf]
Exclude entry [omegat/omt-packer.log] from regex [omt-packer\.log$]
addZipDir	project	[omegat.project]
addZipDir	file	[script\codility_mask.py]
addZipDir	file	[script\config.xlsx]
addZipDir	file	[script\log.txt]
addZipDir	file	[script\test.bat]
addZipDir	file	[script_output\Codility_TaskDesc_Asssessment_01a-Md-Seg_OMT (en - en).xls]
addZipDir	file	[script_output\Codility_TaskDesc_Asssessment_OMT (en - en).xls]
addZipDir	file	[source\angular_like_dislike.bri]
addZipDir	file	[source\authentication_token.md]
addZipDir	file	[source\bash_access_log.md]
addZipDir	file	[source\check_independence.md]
addZipDir	file	[source\cursor_pagination.md]
addZipDir	file	[source\custom_string_enumerator.md]
addZipDir	file	[source\data_preprocessing.md]
addZipDir	file	[source\data_science_kfold.bri]
addZipDir	file	[source\docker_compose_multiple_containers.md]
addZipDir	file	[source\elements_presenter.md]
addZipDir	file	[source\gitlabci_simple_pipeline.md]
addZipDir	file	[source\lambda_notebook.md]
addZipDir	file	[source\linear_regression.md]
addZipDir	file	[source\pod_deployment.md]
addZipDir	file	[source\provide_decorator.md]
addZipDir	file	[source\pyspark_udf_birds.md]
addZipDir	file	[source\react_login_page.md]
addZipDir	file	[source\recommendation_system.md]
addZipDir	file	[source\service_health_check.md]
addZipDir	file	[source\shell_find_function.bri]
addZipDir	file	[source\spring_orders.md]
addZipDir	file	[source\support_service.md]
addZipDir	file	[source\transactional_stack.bri]
addZipDir	file	[source\tree_visibility.bri]
Exclude entry [target/pod_deployment.md] from regex [^target/.+\..+]
createEmptyFile	[target\.empty]
createEmptyFile	[tm\auto\.empty]
createEmptyFile	[tm\.empty]
Exclude entry [Codility_TaskDesc_CEFR_OMT-omegat.tmx] from regex [^(?!tm).*-(level\d|omegat)\.tmx$]
Exclude entry [Codility_TaskDesc_CEFR_OMT-level1.tmx] from regex [^(?!tm).*-(level\d|omegat)\.tmx$]
Exclude entry [Codility_TaskDesc_CEFR_OMT-level2.tmx] from regex [^(?!tm).*-(level\d|omegat)\.tmx$]
Added 74 files to the Zip.
------------------------------------
Packing timestamp: 2021-08-26 17:13:22
OMT plugin version: null
User ID: "Andrea"
Project name: [E:\210810_COPY_LOCAL_ANTIBES\CODILITY\06_Task_Editing\Codility_TaskDesc_CEFR_OMT]
Package name: [E:\210810_COPY_LOCAL_ANTIBES\CODILITY\06_Task_Editing\Codility_TaskDesc_CEFR_OMT.omt]
createEmptyFile	[dictionary\.empty]
addZipDir	file	[glossary\glossary.txt]
addZipDir	file	[masked\angular_like_dislike.bri]
addZipDir	file	[masked\authentication_token.md]
addZipDir	file	[masked\bash_access_log.md]
addZipDir	file	[masked\check_independence.md]
addZipDir	file	[masked\cursor_pagination.md]
addZipDir	file	[masked\custom_string_enumerator.md]
addZipDir	file	[masked\data_preprocessing.md]
addZipDir	file	[masked\data_science_kfold.bri]
addZipDir	file	[masked\docker_compose_multiple_containers.md]
addZipDir	file	[masked\elements_presenter.md]
addZipDir	file	[masked\gitlabci_simple_pipeline.md]
addZipDir	file	[masked\lambda_notebook.md]
addZipDir	file	[masked\linear_regression.md]
addZipDir	file	[masked\pod_deployment.md]
addZipDir	file	[masked\provide_decorator.md]
addZipDir	file	[masked\pyspark_udf_birds.md]
addZipDir	file	[masked\react_login_page.md]
addZipDir	file	[masked\recommendation_system.md]
addZipDir	file	[masked\service_health_check.md]
addZipDir	file	[masked\shell_find_function.bri]
addZipDir	file	[masked\spring_orders.md]
addZipDir	file	[masked\support_service.md]
addZipDir	file	[masked\transactional_stack.bri]
addZipDir	file	[masked\tree_visibility.bri]
addZipDir	file	[omegat\filters.xml]
addZipDir	file	[omegat\ignored_words.txt]
addZipDir	file	[omegat\last_entry.properties]
addZipDir	file	[omegat\learned_words.txt]
addZipDir	file	[omegat\project_save.tmx]
addZipDir	file	[omegat\project_save.tmx.202108181347.bak]
addZipDir	file	[omegat\project_save.tmx.202108181349.bak]
addZipDir	file	[omegat\project_save.tmx.202108191045.bak]
addZipDir	file	[omegat\project_save.tmx.202108192156.bak]
addZipDir	file	[omegat\project_save.tmx.202108201247.bak]
addZipDir	file	[omegat\project_save.tmx.202108201442.bak]
addZipDir	file	[omegat\project_save.tmx.202108201650.bak]
addZipDir	file	[omegat\project_save.tmx.202108231201.bak]
addZipDir	file	[omegat\project_save.tmx.202108231657.bak]
addZipDir	file	[omegat\project_save.tmx.202108241747.bak]
addZipDir	file	[omegat\project_save.tmx.bak]
addZipDir	file	[omegat\project_stats.txt]
addZipDir	file	[omegat\segmentation.conf]
Exclude entry [omegat/omt-packer.log] from regex [omt-packer\.log$]
addZipDir	project	[omegat.project]
addZipDir	file	[script\codility_mask.py]
addZipDir	file	[script\config.xlsx]
addZipDir	file	[script\log.txt]
addZipDir	file	[script\test.bat]
addZipDir	file	[script_output\Codility_TaskDesc_Asssessment_01a-Md-Seg_OMT (en - en).xls]
addZipDir	file	[script_output\Codility_TaskDesc_Asssessment_OMT (en - en).xls]
addZipDir	file	[source\angular_like_dislike.bri]
addZipDir	file	[source\authentication_token.md]
addZipDir	file	[source\bash_access_log.md]
addZipDir	file	[source\check_independence.md]
addZipDir	file	[source\cursor_pagination.md]
addZipDir	file	[source\custom_string_enumerator.md]
addZipDir	file	[source\data_preprocessing.md]
addZipDir	file	[source\data_science_kfold.bri]
addZipDir	file	[source\docker_compose_multiple_containers.md]
addZipDir	file	[source\elements_presenter.md]
addZipDir	file	[source\gitlabci_simple_pipeline.md]
addZipDir	file	[source\lambda_notebook.md]
addZipDir	file	[source\linear_regression.md]
addZipDir	file	[source\pod_deployment.md]
addZipDir	file	[source\provide_decorator.md]
addZipDir	file	[source\pyspark_udf_birds.md]
addZipDir	file	[source\react_login_page.md]
addZipDir	file	[source\recommendation_system.md]
addZipDir	file	[source\service_health_check.md]
addZipDir	file	[source\shell_find_function.bri]
addZipDir	file	[source\spring_orders.md]
addZipDir	file	[source\support_service.md]
addZipDir	file	[source\transactional_stack.bri]
addZipDir	file	[source\tree_visibility.bri]
Exclude entry [target/angular_like_dislike.bri] from regex [^target/.+\..+]
Exclude entry [target/authentication_token.md] from regex [^target/.+\..+]
Exclude entry [target/bash_access_log.md] from regex [^target/.+\..+]
Exclude entry [target/check_independence.md] from regex [^target/.+\..+]
Exclude entry [target/cursor_pagination.md] from regex [^target/.+\..+]
Exclude entry [target/custom_string_enumerator.md] from regex [^target/.+\..+]
Exclude entry [target/data_preprocessing.md] from regex [^target/.+\..+]
Exclude entry [target/data_science_kfold.bri] from regex [^target/.+\..+]
Exclude entry [target/docker_compose_multiple_containers.md] from regex [^target/.+\..+]
Exclude entry [target/elements_presenter.md] from regex [^target/.+\..+]
Exclude entry [target/gitlabci_simple_pipeline.md] from regex [^target/.+\..+]
Exclude entry [target/lambda_notebook.md] from regex [^target/.+\..+]
Exclude entry [target/linear_regression.md] from regex [^target/.+\..+]
Exclude entry [target/pod_deployment.md] from regex [^target/.+\..+]
Exclude entry [target/provide_decorator.md] from regex [^target/.+\..+]
Exclude entry [target/pyspark_udf_birds.md] from regex [^target/.+\..+]
Exclude entry [target/react_login_page.md] from regex [^target/.+\..+]
Exclude entry [target/recommendation_system.md] from regex [^target/.+\..+]
Exclude entry [target/service_health_check.md] from regex [^target/.+\..+]
Exclude entry [target/shell_find_function.bri] from regex [^target/.+\..+]
Exclude entry [target/spring_orders.md] from regex [^target/.+\..+]
Exclude entry [target/support_service.md] from regex [^target/.+\..+]
Exclude entry [target/transactional_stack.bri] from regex [^target/.+\..+]
Exclude entry [target/tree_visibility.bri] from regex [^target/.+\..+]
createEmptyFile	[target\.empty]
createEmptyFile	[tm\auto\.empty]
createEmptyFile	[tm\.empty]
Exclude entry [Codility_TaskDesc_CEFR_OMT-omegat.tmx] from regex [^(?!tm).*-(level\d|omegat)\.tmx$]
Exclude entry [Codility_TaskDesc_CEFR_OMT-level1.tmx] from regex [^(?!tm).*-(level\d|omegat)\.tmx$]
Exclude entry [Codility_TaskDesc_CEFR_OMT-level2.tmx] from regex [^(?!tm).*-(level\d|omegat)\.tmx$]
Added 74 files to the Zip.
------------------------------------
Packing timestamp: 2021-08-30 15:46:58
OMT plugin version: null
User ID: "Andrea"
Project name: [E:\210810_COPY_LOCAL_ANTIBES\CODILITY\06_Task_Editing\Codility_TaskDesc_CEFR_OMT]
Package name: [E:\210810_COPY_LOCAL_ANTIBES\CODILITY\06_Task_Editing\Codility_TaskDesc_CEFR_OMT.omt]
createEmptyFile	[dictionary\.empty]
addZipDir	file	[glossary\glossary.txt]
addZipDir	file	[masked\angular_like_dislike.bri]
addZipDir	file	[masked\authentication_token.md]
addZipDir	file	[masked\bash_access_log.md]
addZipDir	file	[masked\check_independence.md]
addZipDir	file	[masked\cursor_pagination.md]
addZipDir	file	[masked\custom_string_enumerator.md]
addZipDir	file	[masked\data_preprocessing.md]
addZipDir	file	[masked\data_science_kfold.bri]
addZipDir	file	[masked\docker_compose_multiple_containers.md]
addZipDir	file	[masked\elements_presenter.md]
addZipDir	file	[masked\gitlabci_simple_pipeline.md]
addZipDir	file	[masked\lambda_notebook.md]
addZipDir	file	[masked\linear_regression.md]
addZipDir	file	[masked\pod_deployment.md]
addZipDir	file	[masked\provide_decorator.md]
addZipDir	file	[masked\pyspark_udf_birds.md]
addZipDir	file	[masked\react_login_page.md]
addZipDir	file	[masked\recommendation_system.md]
addZipDir	file	[masked\service_health_check.md]
addZipDir	file	[masked\shell_find_function.bri]
addZipDir	file	[masked\spring_orders.md]
addZipDir	file	[masked\support_service.md]
addZipDir	file	[masked\transactional_stack.bri]
addZipDir	file	[masked\tree_visibility.bri]
addZipDir	file	[omegat\filters.xml]
addZipDir	file	[omegat\ignored_words.txt]
addZipDir	file	[omegat\last_entry.properties]
addZipDir	file	[omegat\learned_words.txt]
addZipDir	file	[omegat\project_save.tmx.202108192156.bak]
addZipDir	file	[omegat\project_save.tmx.202108201247.bak]
addZipDir	file	[omegat\project_save.tmx.202108201442.bak]
addZipDir	file	[omegat\project_save.tmx.202108201650.bak]
addZipDir	file	[omegat\project_save.tmx.202108231201.bak]
addZipDir	file	[omegat\project_save.tmx.202108231657.bak]
addZipDir	file	[omegat\project_save.tmx.202108241747.bak]
addZipDir	file	[omegat\project_stats.txt]
addZipDir	file	[omegat\segmentation.conf]
Exclude entry [omegat/omt-packer.log] from regex [omt-packer\.log$]
addZipDir	file	[omegat\project_save.tmx.202108261824.bak]
addZipDir	file	[omegat\project_save.tmx.202108271313.bak]
addZipDir	file	[omegat\project_save.tmx.bak]
addZipDir	file	[omegat\project_save.tmx]
addZipDir	file	[omegat\project_save.tmx.202108301227.bak]
addZipDir	project	[omegat.project]
addZipDir	file	[script\codility_mask.py]
addZipDir	file	[script\config.xlsx]
addZipDir	file	[script\log.txt]
addZipDir	file	[script\test.bat]
addZipDir	file	[script_output\Codility_TaskDesc_Asssessment_01a-Md-Seg_OMT (en - en).xls]
addZipDir	file	[script_output\Codility_TaskDesc_Asssessment_OMT (en - en).xls]
addZipDir	file	[source\angular_like_dislike.bri]
addZipDir	file	[source\authentication_token.md]
addZipDir	file	[source\bash_access_log.md]
addZipDir	file	[source\check_independence.md]
addZipDir	file	[source\cursor_pagination.md]
addZipDir	file	[source\custom_string_enumerator.md]
addZipDir	file	[source\data_preprocessing.md]
addZipDir	file	[source\data_science_kfold.bri]
addZipDir	file	[source\docker_compose_multiple_containers.md]
addZipDir	file	[source\elements_presenter.md]
addZipDir	file	[source\gitlabci_simple_pipeline.md]
addZipDir	file	[source\lambda_notebook.md]
addZipDir	file	[source\linear_regression.md]
addZipDir	file	[source\pod_deployment.md]
addZipDir	file	[source\provide_decorator.md]
addZipDir	file	[source\pyspark_udf_birds.md]
addZipDir	file	[source\react_login_page.md]
addZipDir	file	[source\recommendation_system.md]
addZipDir	file	[source\service_health_check.md]
addZipDir	file	[source\shell_find_function.bri]
addZipDir	file	[source\spring_orders.md]
addZipDir	file	[source\support_service.md]
addZipDir	file	[source\transactional_stack.bri]
addZipDir	file	[source\tree_visibility.bri]
Exclude entry [target/custom_string_enumerator.md] from regex [^target/.+\..+]
Exclude entry [target/data_preprocessing.md] from regex [^target/.+\..+]
Exclude entry [target/docker_compose_multiple_containers.md] from regex [^target/.+\..+]
Exclude entry [target/provide_decorator.md] from regex [^target/.+\..+]
Exclude entry [target/recommendation_system.md] from regex [^target/.+\..+]
createEmptyFile	[target\.empty]
createEmptyFile	[tm\auto\.empty]
createEmptyFile	[tm\.empty]
Exclude entry [Codility_TaskDesc_CEFR_OMT-omegat.tmx] from regex [^(?!tm).*-(level\d|omegat)\.tmx$]
Exclude entry [Codility_TaskDesc_CEFR_OMT-level1.tmx] from regex [^(?!tm).*-(level\d|omegat)\.tmx$]
Exclude entry [Codility_TaskDesc_CEFR_OMT-level2.tmx] from regex [^(?!tm).*-(level\d|omegat)\.tmx$]
Added 74 files to the Zip.
